<?xml version="1.0" encoding="UTF-8"?>
<beans xmlns="http://www.springframework.org/schema/beans"
       xmlns:xsi="http://www.w3.org/2001/XMLSchema-instance"
       xmlns:mvc="http://www.springframework.org/schema/mvc"
       xmlns:tx="http://www.springframework.org/schema/tx"
       xmlns:aop="http://www.springframework.org/schema/aop"
       xsi:schemaLocation="http://www.springframework.org/schema/beans
                        http://www.springframework.org/schema/beans/spring-beans.xsd
                    http://www.springframework.org/schema/tx http://www.springframework.org/schema/tx/spring-tx-3.2.xsd
                    http://www.springframework.org/schema/beans http://www.springframework.org/schema/beans/spring-beans-3.2.xsd http://www.springframework.org/schema/aop http://www.springframework.org/schema/aop/spring-aop.xsd">

    <import resource="test-db-config.xml"/>

    <tx:annotation-driven transaction-manager="transactionManager"/>

    <aop:config proxy-target-class="true"/>

    <bean id="userService" class="com.chat.services.impl.UserService" />

    <bean id="messageService" class="com.chat.services.impl.MessageService"/>

    <bean id="registrationService" class="com.chat.services.impl.RegistrationService"/>

    <bean id="userValidator" class="com.chat.services.validator.impl.UserValidator"/>

    <bean id="passwordEncoder" class="org.springframework.security.authentication.encoding.Md5PasswordEncoder"/>

    <bean id="messageDAO" class="com.chat.dao.impl.MessageDAO"/>

    <bean id="userDAO" class="com.chat.dao.impl.UserDAO"/>

</beans>